<?xml version="1.0" encoding="UTF-8" ?>
<testsuite tests="4" failures="0" name="simpledb.query.SelectScanTest" time="0.03" errors="0" skipped="0">
  <properties>
[...]
</properties>
  <testcase classname="simpledb.query.SelectScanTest" name="testDBCreation" time="0.008"/>
  <testcase classname="simpledb.query.SelectScanTest" name="testStudentData" time="0.003"/>
  <testcase classname="simpledb.query.SelectScanTest" name="testSelectAllScan" time="0.013"/>
  <testcase classname="simpledb.query.SelectScanTest" name="testSelectByConstantScan" time="0.006"/>
</testsuite>